<?xml version="1.0" encoding="UTF-8"?>
<!-- Generated by org.testng.reporters.JUnitXMLReporter -->
<testsuite ignored="0" hostname="CS-KOL-1156" failures="0" tests="3" name="Default test" time="97.479" errors="0" timestamp="2021-01-30T21:19:11 IST">
  <testcase classname="qa.com.testcases.ContactPageTest" name="enterDetailsTest" time="13.31"/>
  <testcase classname="qa.com.testcases.ContactPageTest" name="enterDetailsTest" time="13.217"/>
  <testcase classname="qa.com.testcases.ContactPageTest" name="enterDetailsTest" time="13.327"/>
</testsuite> <!-- Default test -->
