<?xml version="1.0" encoding="UTF-8"?>
<testng-results ignored="0" total="2" passed="2" failed="0" skipped="0">
  <reporter-output>
  </reporter-output>
  <suite started-at="2021-01-17T12:19:02Z" name="Surefire suite" finished-at="2021-01-17T12:19:11Z" duration-ms="8694">
    <groups>
    </groups>
    <test started-at="2021-01-17T12:19:02Z" name="Surefire test" finished-at="2021-01-17T12:19:11Z" duration-ms="8694">
      <class name="qa.com.testcases.TestCase1">
        <test-method is-config="true" signature="setup()[pri:0, instance:qa.com.testcases.TestCase1@6d3af739]" started-at="2021-01-17T12:19:02Z" name="setup" finished-at="2021-01-17T12:19:10Z" duration-ms="7883" status="PASS">
          <reporter-output>
          </reporter-output>
        </test-method> <!-- setup -->
        <test-method signature="verifytitle()[pri:0, instance:qa.com.testcases.TestCase1@6d3af739]" started-at="2021-01-17T12:19:10Z" name="verifytitle" finished-at="2021-01-17T12:19:10Z" duration-ms="10" status="PASS">
          <reporter-output>
          </reporter-output>
        </test-method> <!-- verifytitle -->
        <test-method signature="verifyGoogleSearch()[pri:1, instance:qa.com.testcases.TestCase1@6d3af739]" started-at="2021-01-17T12:19:10Z" name="verifyGoogleSearch" finished-at="2021-01-17T12:19:10Z" duration-ms="91" status="PASS">
          <reporter-output>
          </reporter-output>
        </test-method> <!-- verifyGoogleSearch -->
        <test-method is-config="true" signature="teardown()[pri:0, instance:qa.com.testcases.TestCase1@6d3af739]" started-at="2021-01-17T12:19:10Z" name="teardown" finished-at="2021-01-17T12:19:11Z" duration-ms="696" status="PASS">
          <reporter-output>
          </reporter-output>
        </test-method> <!-- teardown -->
      </class> <!-- qa.com.testcases.TestCase1 -->
    </test> <!-- Surefire test -->
  </suite> <!-- Surefire suite -->
</testng-results>
