<?xml version="1.0" encoding="UTF-8"?>
<testng-results ignored="0" total="3" passed="3" failed="0" skipped="0">
  <reporter-output>
  </reporter-output>
  <suite started-at="2021-01-30T21:17:34 IST" name="Default suite" finished-at="2021-01-30T21:19:11 IST" duration-ms="97479">
    <groups>
    </groups>
    <test started-at="2021-01-30T21:17:34 IST" name="Default test" finished-at="2021-01-30T21:19:11 IST" duration-ms="97479">
      <class name="qa.com.testcases.ContactPageTest">
        <test-method is-config="true" signature="setup()[pri:0, instance:qa.com.testcases.ContactPageTest@159f197]" started-at="2021-01-30T21:17:34 IST" name="setup" finished-at="2021-01-30T21:17:53 IST" duration-ms="18364" status="PASS">
          <reporter-output>
          </reporter-output>
        </test-method> <!-- setup -->
        <test-method signature="enterDetailsTest(java.lang.String, java.lang.String, java.lang.String, java.lang.String, java.lang.String)[pri:4, instance:qa.com.testcases.ContactPageTest@159f197]" started-at="2021-01-30T21:17:53 IST" name="enterDetailsTest" data-provider="getSheetData" finished-at="2021-01-30T21:18:06 IST" duration-ms="13310" status="PASS">
          <params>
            <param index="0">
              <value>
                <![CDATA[Pammi]]>
              </value>
            </param>
            <param index="1">
              <value>
                <![CDATA[Rani]]>
              </value>
            </param>
            <param index="2">
              <value>
                <![CDATA[Customer]]>
              </value>
            </param>
            <param index="3">
              <value>
                <![CDATA[Active]]>
              </value>
            </param>
            <param index="4">
              <value>
                <![CDATA[Google]]>
              </value>
            </param>
          </params>
          <reporter-output>
          </reporter-output>
        </test-method> <!-- enterDetailsTest -->
        <test-method is-config="true" signature="teardown()[pri:0, instance:qa.com.testcases.ContactPageTest@159f197]" started-at="2021-01-30T21:18:06 IST" name="teardown" finished-at="2021-01-30T21:18:07 IST" duration-ms="770" status="PASS">
          <reporter-output>
          </reporter-output>
        </test-method> <!-- teardown -->
        <test-method is-config="true" signature="setup()[pri:0, instance:qa.com.testcases.ContactPageTest@159f197]" started-at="2021-01-30T21:18:07 IST" name="setup" finished-at="2021-01-30T21:18:25 IST" duration-ms="17892" status="PASS">
          <reporter-output>
          </reporter-output>
        </test-method> <!-- setup -->
        <test-method signature="enterDetailsTest(java.lang.String, java.lang.String, java.lang.String, java.lang.String, java.lang.String)[pri:4, instance:qa.com.testcases.ContactPageTest@159f197]" started-at="2021-01-30T21:18:25 IST" name="enterDetailsTest" data-provider="getSheetData" finished-at="2021-01-30T21:18:38 IST" duration-ms="13217" status="PASS">
          <params>
            <param index="0">
              <value>
                <![CDATA[Kuhu]]>
              </value>
            </param>
            <param index="1">
              <value>
                <![CDATA[Rani]]>
              </value>
            </param>
            <param index="2">
              <value>
                <![CDATA[Contact]]>
              </value>
            </param>
            <param index="3">
              <value>
                <![CDATA[New]]>
              </value>
            </param>
            <param index="4">
              <value>
                <![CDATA[Referral]]>
              </value>
            </param>
          </params>
          <reporter-output>
          </reporter-output>
        </test-method> <!-- enterDetailsTest -->
        <test-method is-config="true" signature="teardown()[pri:0, instance:qa.com.testcases.ContactPageTest@159f197]" started-at="2021-01-30T21:18:38 IST" name="teardown" finished-at="2021-01-30T21:18:39 IST" duration-ms="754" status="PASS">
          <reporter-output>
          </reporter-output>
        </test-method> <!-- teardown -->
        <test-method is-config="true" signature="setup()[pri:0, instance:qa.com.testcases.ContactPageTest@159f197]" started-at="2021-01-30T21:18:39 IST" name="setup" finished-at="2021-01-30T21:18:57 IST" duration-ms="18592" status="PASS">
          <reporter-output>
          </reporter-output>
        </test-method> <!-- setup -->
        <test-method signature="enterDetailsTest(java.lang.String, java.lang.String, java.lang.String, java.lang.String, java.lang.String)[pri:4, instance:qa.com.testcases.ContactPageTest@159f197]" started-at="2021-01-30T21:18:57 IST" name="enterDetailsTest" data-provider="getSheetData" finished-at="2021-01-30T21:19:10 IST" duration-ms="13327" status="PASS">
          <params>
            <param index="0">
              <value>
                <![CDATA[Mitu]]>
              </value>
            </param>
            <param index="1">
              <value>
                <![CDATA[Kumari]]>
              </value>
            </param>
            <param index="2">
              <value>
                <![CDATA[Lead]]>
              </value>
            </param>
            <param index="3">
              <value>
                <![CDATA[On Hold]]>
              </value>
            </param>
            <param index="4">
              <value>
                <![CDATA[Facebook]]>
              </value>
            </param>
          </params>
          <reporter-output>
          </reporter-output>
        </test-method> <!-- enterDetailsTest -->
        <test-method is-config="true" signature="teardown()[pri:0, instance:qa.com.testcases.ContactPageTest@159f197]" started-at="2021-01-30T21:19:10 IST" name="teardown" finished-at="2021-01-30T21:19:11 IST" duration-ms="728" status="PASS">
          <reporter-output>
          </reporter-output>
        </test-method> <!-- teardown -->
      </class> <!-- qa.com.testcases.ContactPageTest -->
    </test> <!-- Default test -->
  </suite> <!-- Default suite -->
</testng-results>
