<?xml version="1.0" encoding="UTF-8"?>
<!-- Generated by org.testng.reporters.JUnitXMLReporter -->
<testsuite ignored="1" hostname="CS-KOL-1156" failures="0" tests="1" name="MavenTest(failed)" time="13.159" errors="0" timestamp="17 Jan 2021 05:09:50 GMT">
  <testcase classname="qa.com.testcases.TestCase1" name="verifytitle" time="0.015"/>
  <testcase classname="qa.com.testcases.TestCase1" name="verifyGoogleSearch" time="0.0">
    <ignored/>
  </testcase> <!-- verifyGoogleSearch -->
</testsuite> <!-- MavenTest(failed) -->
